[19:25:22] [Server thread/INFO]: Starting minecraft server version 1.14.4
[19:25:22] [Server thread/INFO]: Loading properties
[19:25:22] [Server console handler/ERROR]: Exception handling console input
java.io.IOException: The handle is invalid
	at java.io.FileInputStream.readBytes(Native Method) ~[?:?]
	at java.io.FileInputStream.read(FileInputStream.java:279) ~[?:?]
	at java.io.BufferedInputStream.fill(BufferedInputStream.java:252) ~[?:?]
	at java.io.BufferedInputStream.read(BufferedInputStream.java:271) ~[?:?]
	at org.bukkit.craftbukkit.libs.jline.internal.NonBlockingInputStream.read(NonBlockingInputStream.java:248) ~[server.jar:git-Spigot-cbd1a1b-009d8af]
	at org.bukkit.craftbukkit.libs.jline.internal.InputStreamReader.read(InputStreamReader.java:261) ~[server.jar:git-Spigot-cbd1a1b-009d8af]
	at org.bukkit.craftbukkit.libs.jline.internal.InputStreamReader.read(InputStreamReader.java:198) ~[server.jar:git-Spigot-cbd1a1b-009d8af]
	at org.bukkit.craftbukkit.libs.jline.console.ConsoleReader.readCharacter(ConsoleReader.java:2145) ~[server.jar:git-Spigot-cbd1a1b-009d8af]
	at org.bukkit.craftbukkit.libs.jline.console.ConsoleReader.readLineSimple(ConsoleReader.java:3183) ~[server.jar:git-Spigot-cbd1a1b-009d8af]
	at org.bukkit.craftbukkit.libs.jline.console.ConsoleReader.readLine(ConsoleReader.java:2333) ~[server.jar:git-Spigot-cbd1a1b-009d8af]
	at org.bukkit.craftbukkit.libs.jline.console.ConsoleReader.readLine(ConsoleReader.java:2269) ~[server.jar:git-Spigot-cbd1a1b-009d8af]
	at org.bukkit.craftbukkit.libs.jline.console.ConsoleReader.readLine(ConsoleReader.java:2257) ~[server.jar:git-Spigot-cbd1a1b-009d8af]
	at net.minecraft.server.v1_14_R1.DedicatedServer$2.run(DedicatedServer.java:97) [server.jar:git-Spigot-cbd1a1b-009d8af]
[19:25:22] [Server thread/INFO]: This server is running CraftBukkit version git-Spigot-cbd1a1b-009d8af (MC: 1.14.4) (Implementing API version 1.14.4-R0.1-SNAPSHOT)
[19:25:22] [Server thread/INFO]: Using 4 threads for Netty based IO
[19:25:22] [Server thread/INFO]: Server Ping Player Sample Count: 12
[19:25:22] [Server thread/INFO]: Debug logging is disabled
[19:25:22] [Server thread/INFO]: Default game type: SURVIVAL
[19:25:22] [Server thread/INFO]: Generating keypair
[19:25:22] [Server thread/INFO]: Starting Minecraft server on *:25565
[19:25:22] [Server thread/INFO]: Using default channel type
[19:25:27] [Server thread/INFO]: [ServerRestorer] Loading ServerRestorer v1.0.38
[19:25:27] [Server thread/WARN]: **** SERVER IS RUNNING IN OFFLINE/INSECURE MODE!
[19:25:27] [Server thread/WARN]: The server will make no attempt to authenticate usernames. Beware.
[19:25:27] [Server thread/WARN]: While this makes the game possible to play without internet access, it also opens up the ability for hackers to connect with any username they choose.
[19:25:27] [Server thread/WARN]: To change this, set "online-mode" to "true" in the server.properties file.
[19:25:28] [Server thread/INFO]: Preparing level "world"
[19:25:28] [Server thread/INFO]: Reloading ResourceManager: Default, bukkit
[19:25:28] [Server thread/INFO]: Loaded 6 recipes
[19:25:28] [Server thread/INFO]: -------- World Settings For [world] --------
[19:25:28] [Server thread/INFO]: Hopper Transfer: 8 Hopper Check: 1 Hopper Amount: 1
[19:25:28] [Server thread/INFO]: Max TNT Explosions: 100
[19:25:28] [Server thread/INFO]: Custom Map Seeds:  Village: 10387312 Desert: 14357617 Igloo: 14357618 Jungle: 14357619 Swamp: 14357620 Monument: 10387313Ocean: 14357621 Shipwreck: 165745295 Slime: 987234911
[19:25:28] [Server thread/INFO]: Tile Max Tick Time: 50ms Entity max Tick Time: 50ms
[19:25:28] [Server thread/INFO]: Entity Tracking Range: Pl 48 / An 48 / Mo 48 / Mi 32 / Other 64
[19:25:28] [Server thread/INFO]: Item Despawn Rate: 6000
[19:25:28] [Server thread/INFO]: Item Merge Radius: 2.5
[19:25:28] [Server thread/INFO]: Allow Zombie Pigmen to spawn from portal blocks: true
[19:25:28] [Server thread/INFO]: Arrow Despawn Rate: 1200
[19:25:28] [Server thread/INFO]: Zombie Aggressive Towards Villager: true
[19:25:28] [Server thread/INFO]: Cactus Growth Modifier: 100%
[19:25:28] [Server thread/INFO]: Cane Growth Modifier: 100%
[19:25:28] [Server thread/INFO]: Melon Growth Modifier: 100%
[19:25:28] [Server thread/INFO]: Mushroom Growth Modifier: 100%
[19:25:28] [Server thread/INFO]: Pumpkin Growth Modifier: 100%
[19:25:28] [Server thread/INFO]: Sapling Growth Modifier: 100%
[19:25:28] [Server thread/INFO]: Beetroot Growth Modifier: 100%
[19:25:28] [Server thread/INFO]: Carrot Growth Modifier: 100%
[19:25:28] [Server thread/INFO]: Potato Growth Modifier: 100%
[19:25:28] [Server thread/INFO]: Wheat Growth Modifier: 100%
[19:25:28] [Server thread/INFO]: NetherWart Growth Modifier: 100%
[19:25:28] [Server thread/INFO]: Vine Growth Modifier: 100%
[19:25:28] [Server thread/INFO]: Cocoa Growth Modifier: 100%
[19:25:28] [Server thread/INFO]: Bamboo Growth Modifier: 100%
[19:25:28] [Server thread/INFO]: SweetBerry Growth Modifier: 100%
[19:25:28] [Server thread/INFO]: Kelp Growth Modifier: 100%
[19:25:28] [Server thread/INFO]: Entity Activation Range: An 32 / Mo 32 / Ra 48 / Mi 16 / Tiv true
[19:25:28] [Server thread/INFO]: Nerfing mobs spawned from spawners: false
[19:25:28] [Server thread/INFO]: Experience Merge Radius: 3.0
[19:25:28] [Server thread/INFO]: Mob Spawn Range: 6
[19:25:28] [Server thread/INFO]: View Distance: 10
[19:25:28] [Server thread/INFO]: -------- World Settings For [world_nether] --------
[19:25:28] [Server thread/INFO]: Hopper Transfer: 8 Hopper Check: 1 Hopper Amount: 1
[19:25:28] [Server thread/INFO]: Max TNT Explosions: 100
[19:25:28] [Server thread/INFO]: Custom Map Seeds:  Village: 10387312 Desert: 14357617 Igloo: 14357618 Jungle: 14357619 Swamp: 14357620 Monument: 10387313Ocean: 14357621 Shipwreck: 165745295 Slime: 987234911
[19:25:28] [Server thread/INFO]: Tile Max Tick Time: 50ms Entity max Tick Time: 50ms
[19:25:28] [Server thread/INFO]: Entity Tracking Range: Pl 48 / An 48 / Mo 48 / Mi 32 / Other 64
[19:25:28] [Server thread/INFO]: Item Despawn Rate: 6000
[19:25:28] [Server thread/INFO]: Item Merge Radius: 2.5
[19:25:28] [Server thread/INFO]: Allow Zombie Pigmen to spawn from portal blocks: true
[19:25:28] [Server thread/INFO]: Arrow Despawn Rate: 1200
[19:25:28] [Server thread/INFO]: Zombie Aggressive Towards Villager: true
[19:25:28] [Server thread/INFO]: Cactus Growth Modifier: 100%
[19:25:28] [Server thread/INFO]: Cane Growth Modifier: 100%
[19:25:28] [Server thread/INFO]: Melon Growth Modifier: 100%
[19:25:28] [Server thread/INFO]: Mushroom Growth Modifier: 100%
[19:25:28] [Server thread/INFO]: Pumpkin Growth Modifier: 100%
[19:25:28] [Server thread/INFO]: Sapling Growth Modifier: 100%
[19:25:28] [Server thread/INFO]: Beetroot Growth Modifier: 100%
[19:25:28] [Server thread/INFO]: Carrot Growth Modifier: 100%
[19:25:28] [Server thread/INFO]: Potato Growth Modifier: 100%
[19:25:28] [Server thread/INFO]: Wheat Growth Modifier: 100%
[19:25:28] [Server thread/INFO]: NetherWart Growth Modifier: 100%
[19:25:28] [Server thread/INFO]: Vine Growth Modifier: 100%
[19:25:28] [Server thread/INFO]: Cocoa Growth Modifier: 100%
[19:25:28] [Server thread/INFO]: Bamboo Growth Modifier: 100%
[19:25:28] [Server thread/INFO]: SweetBerry Growth Modifier: 100%
[19:25:28] [Server thread/INFO]: Kelp Growth Modifier: 100%
[19:25:28] [Server thread/INFO]: Entity Activation Range: An 32 / Mo 32 / Ra 48 / Mi 16 / Tiv true
[19:25:28] [Server thread/INFO]: Nerfing mobs spawned from spawners: false
[19:25:28] [Server thread/INFO]: Experience Merge Radius: 3.0
[19:25:28] [Server thread/INFO]: Mob Spawn Range: 6
[19:25:28] [Server thread/INFO]: View Distance: 10
[19:25:29] [Server thread/INFO]: -------- World Settings For [world_the_end] --------
[19:25:29] [Server thread/INFO]: Hopper Transfer: 8 Hopper Check: 1 Hopper Amount: 1
[19:25:29] [Server thread/INFO]: Max TNT Explosions: 100
[19:25:29] [Server thread/INFO]: Custom Map Seeds:  Village: 10387312 Desert: 14357617 Igloo: 14357618 Jungle: 14357619 Swamp: 14357620 Monument: 10387313Ocean: 14357621 Shipwreck: 165745295 Slime: 987234911
[19:25:29] [Server thread/INFO]: Tile Max Tick Time: 50ms Entity max Tick Time: 50ms
[19:25:29] [Server thread/INFO]: Entity Tracking Range: Pl 48 / An 48 / Mo 48 / Mi 32 / Other 64
[19:25:29] [Server thread/INFO]: Item Despawn Rate: 6000
[19:25:29] [Server thread/INFO]: Item Merge Radius: 2.5
[19:25:29] [Server thread/INFO]: Allow Zombie Pigmen to spawn from portal blocks: true
[19:25:29] [Server thread/INFO]: Arrow Despawn Rate: 1200
[19:25:29] [Server thread/INFO]: Zombie Aggressive Towards Villager: true
[19:25:29] [Server thread/INFO]: Cactus Growth Modifier: 100%
[19:25:29] [Server thread/INFO]: Cane Growth Modifier: 100%
[19:25:29] [Server thread/INFO]: Melon Growth Modifier: 100%
[19:25:29] [Server thread/INFO]: Mushroom Growth Modifier: 100%
[19:25:29] [Server thread/INFO]: Pumpkin Growth Modifier: 100%
[19:25:29] [Server thread/INFO]: Sapling Growth Modifier: 100%
[19:25:29] [Server thread/INFO]: Beetroot Growth Modifier: 100%
[19:25:29] [Server thread/INFO]: Carrot Growth Modifier: 100%
[19:25:29] [Server thread/INFO]: Potato Growth Modifier: 100%
[19:25:29] [Server thread/INFO]: Wheat Growth Modifier: 100%
[19:25:29] [Server thread/INFO]: NetherWart Growth Modifier: 100%
[19:25:29] [Server thread/INFO]: Vine Growth Modifier: 100%
[19:25:29] [Server thread/INFO]: Cocoa Growth Modifier: 100%
[19:25:29] [Server thread/INFO]: Bamboo Growth Modifier: 100%
[19:25:29] [Server thread/INFO]: SweetBerry Growth Modifier: 100%
[19:25:29] [Server thread/INFO]: Kelp Growth Modifier: 100%
[19:25:29] [Server thread/INFO]: Entity Activation Range: An 32 / Mo 32 / Ra 48 / Mi 16 / Tiv true
[19:25:29] [Server thread/INFO]: Nerfing mobs spawned from spawners: false
[19:25:29] [Server thread/INFO]: Experience Merge Radius: 3.0
[19:25:29] [Server thread/INFO]: Mob Spawn Range: 6
[19:25:29] [Server thread/INFO]: View Distance: 10
[19:25:29] [Server thread/INFO]: Preparing start region for dimension 'world'/minecraft:overworld
[19:25:29] [Server thread/INFO]: Preparing spawn area: 0%
[19:25:29] [Server thread/INFO]: Preparing spawn area: 0%
[19:25:30] [Server thread/INFO]: Preparing spawn area: 1%
[19:25:30] [Server thread/INFO]: Time elapsed: 1324 ms
[19:25:30] [Server thread/INFO]: Preparing start region for dimension 'world_nether'/minecraft:the_nether
[19:25:30] [Server thread/INFO]: Preparing spawn area: 0%
[19:25:30] [Server thread/INFO]: Preparing spawn area: 0%
[19:25:31] [Server thread/INFO]: Time elapsed: 840 ms
[19:25:31] [Server thread/INFO]: Preparing start region for dimension 'world_the_end'/minecraft:the_end
[19:25:31] [Server thread/INFO]: Preparing spawn area: 0%
[19:25:31] [Server-Worker-6/INFO]: Preparing spawn area: 83%
[19:25:32] [Server-Worker-6/INFO]: Preparing spawn area: 88%
[19:25:32] [Server thread/INFO]: Time elapsed: 1197 ms
[19:25:32] [Server thread/INFO]: [ServerRestorer] Enabling ServerRestorer v1.0.38
[19:25:32] [Server thread/INFO]: Server permissions file permissions.yml is empty, ignoring it
[19:25:32] [Server thread/INFO]: Done (4.463s)! For help, type "help"
